Started GET "/" for 127.0.0.1 at 2024-05-17 17:58:24 +0200
Processing by Rails::WelcomeController#index as HTML
  Rendering /home/pc/.rbenv/versions/2.6.5/lib/ruby/gems/2.6.0/gems/railties-5.2.8.1/lib/rails/templates/rails/welcome/index.html.erb
  Rendered /home/pc/.rbenv/versions/2.6.5/lib/ruby/gems/2.6.0/gems/railties-5.2.8.1/lib/rails/templates/rails/welcome/index.html.erb (1.4ms)
Completed 200 OK in 6ms (Views: 3.4ms | ActiveRecord: 0.0ms)


  [1m[35m (0.7ms)[0m  [1m[34mSELECT sqlite_version(*)[0m
  ↳ bin/rails:9
  [1m[35m (7.7ms)[0m  [1m[35mCREATE TABLE "schema_migrations" ("version" varchar NOT NULL PRIMARY KEY)[0m
  ↳ bin/rails:9
  [1m[35m (5.4ms)[0m  [1m[35mCREATE TABLE "ar_internal_metadata" ("key" varchar NOT NULL PRIMARY KEY, "value" varchar, "created_at" datetime NOT NULL, "updated_at" datetime NOT NULL)[0m
  ↳ bin/rails:9
  [1m[35m (0.1ms)[0m  [1m[34mSELECT "schema_migrations"."version" FROM "schema_migrations" ORDER BY "schema_migrations"."version" ASC[0m
  ↳ bin/rails:9
Migrating to CreateTeams (20240517155927)
  [1m[35m (0.0ms)[0m  [1m[36mbegin transaction[0m
  ↳ bin/rails:9
  [1m[35m (0.2ms)[0m  [1m[35mCREATE TABLE "teams" ("id" integer PRIMARY KEY AUTOINCREMENT NOT NULL, "name" varchar)[0m
  ↳ db/migrate/20240517155927_create_teams.rb:3
  [1m[36mActiveRecord::SchemaMigration Create (0.1ms)[0m  [1m[32mINSERT INTO "schema_migrations" ("version") VALUES (?)[0m  [["version", "20240517155927"]]
  ↳ bin/rails:9
  [1m[35m (5.8ms)[0m  [1m[36mcommit transaction[0m
  ↳ bin/rails:9
Migrating to CreatePlayers (20240517155938)
  [1m[35m (0.0ms)[0m  [1m[36mbegin transaction[0m
  ↳ bin/rails:9
  [1m[35m (0.2ms)[0m  [1m[35mCREATE TABLE "players" ("id" integer PRIMARY KEY AUTOINCREMENT NOT NULL, "name" varchar, "team_id" integer, CONSTRAINT "fk_rails_8880a915a5"
FOREIGN KEY ("team_id")
  REFERENCES "teams" ("id")
)[0m
  ↳ db/migrate/20240517155938_create_players.rb:3
  [1m[35m (0.1ms)[0m  [1m[35mCREATE  INDEX "index_players_on_team_id" ON "players" ("team_id")[0m
  ↳ db/migrate/20240517155938_create_players.rb:3
  [1m[36mActiveRecord::SchemaMigration Create (0.1ms)[0m  [1m[32mINSERT INTO "schema_migrations" ("version") VALUES (?)[0m  [["version", "20240517155938"]]
  ↳ bin/rails:9
  [1m[35m (5.5ms)[0m  [1m[36mcommit transaction[0m
  ↳ bin/rails:9
Migrating to CreateMatches (20240517155945)
  [1m[35m (0.0ms)[0m  [1m[36mbegin transaction[0m
  ↳ bin/rails:9
  [1m[35m (0.3ms)[0m  [1m[35mCREATE TABLE "matches" ("id" integer PRIMARY KEY AUTOINCREMENT NOT NULL, "team_id" integer, "date" date, CONSTRAINT "fk_rails_afbde6469e"
FOREIGN KEY ("team_id")
  REFERENCES "teams" ("id")
)[0m
  ↳ db/migrate/20240517155945_create_matches.rb:3
  [1m[35m (0.1ms)[0m  [1m[35mCREATE  INDEX "index_matches_on_team_id" ON "matches" ("team_id")[0m
  ↳ db/migrate/20240517155945_create_matches.rb:3
  [1m[36mActiveRecord::SchemaMigration Create (0.1ms)[0m  [1m[32mINSERT INTO "schema_migrations" ("version") VALUES (?)[0m  [["version", "20240517155945"]]
  ↳ bin/rails:9
  [1m[35m (4.9ms)[0m  [1m[36mcommit transaction[0m
  ↳ bin/rails:9
Migrating to CreateMetrics (20240517160003)
  [1m[35m (0.0ms)[0m  [1m[36mbegin transaction[0m
  ↳ bin/rails:9
  [1m[35m (0.2ms)[0m  [1m[35mCREATE TABLE "metrics" ("id" integer PRIMARY KEY AUTOINCREMENT NOT NULL, "name" varchar)[0m
  ↳ db/migrate/20240517160003_create_metrics.rb:3
  [1m[36mActiveRecord::SchemaMigration Create (0.1ms)[0m  [1m[32mINSERT INTO "schema_migrations" ("version") VALUES (?)[0m  [["version", "20240517160003"]]
  ↳ bin/rails:9
  [1m[35m (5.7ms)[0m  [1m[36mcommit transaction[0m
  ↳ bin/rails:9
Migrating to CreatePlayerMetrics (20240517160031)
  [1m[35m (0.0ms)[0m  [1m[36mbegin transaction[0m
  ↳ bin/rails:9
  [1m[35m (0.2ms)[0m  [1m[35mCREATE TABLE "player_metrics" ("id" integer PRIMARY KEY AUTOINCREMENT NOT NULL, "player_id" integer, "match_id" integer, "metric_id" integer, CONSTRAINT "fk_rails_8a9a482ac8"
FOREIGN KEY ("player_id")
  REFERENCES "players" ("id")
, CONSTRAINT "fk_rails_4f55937641"
FOREIGN KEY ("match_id")
  REFERENCES "matches" ("id")
, CONSTRAINT "fk_rails_6387b9bd8b"
FOREIGN KEY ("metric_id")
  REFERENCES "metrics" ("id")
)[0m
  ↳ db/migrate/20240517160031_create_player_metrics.rb:3
  [1m[35m (0.1ms)[0m  [1m[35mCREATE  INDEX "index_player_metrics_on_player_id" ON "player_metrics" ("player_id")[0m
  ↳ db/migrate/20240517160031_create_player_metrics.rb:3
  [1m[35m (0.1ms)[0m  [1m[35mCREATE  INDEX "index_player_metrics_on_match_id" ON "player_metrics" ("match_id")[0m
  ↳ db/migrate/20240517160031_create_player_metrics.rb:3
  [1m[35m (0.1ms)[0m  [1m[35mCREATE  INDEX "index_player_metrics_on_metric_id" ON "player_metrics" ("metric_id")[0m
  ↳ db/migrate/20240517160031_create_player_metrics.rb:3
  [1m[36mActiveRecord::SchemaMigration Create (0.1ms)[0m  [1m[32mINSERT INTO "schema_migrations" ("version") VALUES (?)[0m  [["version", "20240517160031"]]
  ↳ bin/rails:9
  [1m[35m (5.5ms)[0m  [1m[36mcommit transaction[0m
  ↳ bin/rails:9
  [1m[36mActiveRecord::InternalMetadata Load (0.1ms)[0m  [1m[34mSELECT  "ar_internal_metadata".* FROM "ar_internal_metadata" WHERE "ar_internal_metadata"."key" = ? LIMIT ?[0m  [["key", "environment"], ["LIMIT", 1]]
  ↳ bin/rails:9
  [1m[35m (0.0ms)[0m  [1m[36mbegin transaction[0m
  ↳ bin/rails:9
  [1m[36mActiveRecord::InternalMetadata Create (0.1ms)[0m  [1m[32mINSERT INTO "ar_internal_metadata" ("key", "value", "created_at", "updated_at") VALUES (?, ?, ?, ?)[0m  [["key", "environment"], ["value", "development"], ["created_at", "2024-05-17 16:00:43.361549"], ["updated_at", "2024-05-17 16:00:43.361549"]]
  ↳ bin/rails:9
  [1m[35m (3.7ms)[0m  [1m[36mcommit transaction[0m
  ↳ bin/rails:9
  [1m[35m (0.1ms)[0m  [1m[34mSELECT "schema_migrations"."version" FROM "schema_migrations" ORDER BY "schema_migrations"."version" ASC[0m
  ↳ bin/rails:9
  [1m[35m (0.1ms)[0m  [1m[34mSELECT "schema_migrations"."version" FROM "schema_migrations" ORDER BY "schema_migrations"."version" ASC[0m
  ↳ bin/rails:9
  [1m[36mActiveRecord::InternalMetadata Load (0.1ms)[0m  [1m[34mSELECT  "ar_internal_metadata".* FROM "ar_internal_metadata" WHERE "ar_internal_metadata"."key" = ? LIMIT ?[0m  [["key", "environment"], ["LIMIT", 1]]
  ↳ bin/rails:9
  [1m[35m (0.0ms)[0m  [1m[36mbegin transaction[0m
  ↳ bin/rails:9
  [1m[35m (0.0ms)[0m  [1m[36mcommit transaction[0m
  ↳ bin/rails:9
  [1m[35m (0.0ms)[0m  [1m[34mSELECT "schema_migrations"."version" FROM "schema_migrations" ORDER BY "schema_migrations"."version" ASC[0m
  ↳ bin/rails:9
  [1m[35m (0.1ms)[0m  [1m[34mSELECT "schema_migrations"."version" FROM "schema_migrations" ORDER BY "schema_migrations"."version" ASC[0m
  ↳ bin/rails:9
  [1m[35m (0.1ms)[0m  [1m[34mSELECT "ar_internal_metadata"."value" FROM "ar_internal_metadata" WHERE "ar_internal_metadata"."key" = ?[0m  [["key", "environment"]]
  ↳ bin/rails:9
  [1m[35m (0.0ms)[0m  [1m[34mSELECT "schema_migrations"."version" FROM "schema_migrations" ORDER BY "schema_migrations"."version" ASC[0m
  ↳ bin/rails:9
  [1m[35m (0.0ms)[0m  [1m[34mSELECT "ar_internal_metadata"."value" FROM "ar_internal_metadata" WHERE "ar_internal_metadata"."key" = ?[0m  [["key", "environment"]]
  ↳ bin/rails:9
  [1m[35m (0.0ms)[0m  [1m[34mSELECT "schema_migrations"."version" FROM "schema_migrations" ORDER BY "schema_migrations"."version" ASC[0m
  ↳ bin/rails:9
  [1m[35m (0.0ms)[0m  [1m[34mSELECT "ar_internal_metadata"."value" FROM "ar_internal_metadata" WHERE "ar_internal_metadata"."key" = ?[0m  [["key", "environment"]]
  ↳ bin/rails:9
  [1m[35m (0.1ms)[0m  [1m[34mSELECT sqlite_version(*)[0m
  ↳ bin/rails:9
  [1m[35m (6.1ms)[0m  [1m[35mCREATE TABLE "schema_migrations" ("version" varchar NOT NULL PRIMARY KEY)[0m
  ↳ bin/rails:9
  [1m[35m (5.3ms)[0m  [1m[35mCREATE TABLE "ar_internal_metadata" ("key" varchar NOT NULL PRIMARY KEY, "value" varchar, "created_at" datetime NOT NULL, "updated_at" datetime NOT NULL)[0m
  ↳ bin/rails:9
  [1m[35m (0.1ms)[0m  [1m[34mSELECT "schema_migrations"."version" FROM "schema_migrations" ORDER BY "schema_migrations"."version" ASC[0m
  ↳ bin/rails:9
Migrating to CreateTeams (20240517155927)
  [1m[35m (0.0ms)[0m  [1m[36mbegin transaction[0m
  ↳ bin/rails:9
  [1m[35m (0.3ms)[0m  [1m[35mCREATE TABLE "teams" ("id" integer PRIMARY KEY AUTOINCREMENT NOT NULL, "name" varchar, "created_at" datetime NOT NULL, "updated_at" datetime NOT NULL)[0m
  ↳ db/migrate/20240517155927_create_teams.rb:4
  [1m[36mActiveRecord::SchemaMigration Create (0.1ms)[0m  [1m[32mINSERT INTO "schema_migrations" ("version") VALUES (?)[0m  [["version", "20240517155927"]]
  ↳ bin/rails:9
  [1m[35m (5.1ms)[0m  [1m[36mcommit transaction[0m
  ↳ bin/rails:9
Migrating to CreatePlayers (20240517155938)
  [1m[35m (0.1ms)[0m  [1m[36mbegin transaction[0m
  ↳ bin/rails:9
  [1m[35m (0.3ms)[0m  [1m[35mCREATE TABLE "players" ("id" integer PRIMARY KEY AUTOINCREMENT NOT NULL, "name" varchar, "team_id" integer, "created_at" datetime NOT NULL, "updated_at" datetime NOT NULL, CONSTRAINT "fk_rails_8880a915a5"
FOREIGN KEY ("team_id")
  REFERENCES "teams" ("id")
)[0m
  ↳ db/migrate/20240517155938_create_players.rb:4
  [1m[35m (0.1ms)[0m  [1m[35mCREATE  INDEX "index_players_on_team_id" ON "players" ("team_id")[0m
  ↳ db/migrate/20240517155938_create_players.rb:4
  [1m[36mActiveRecord::SchemaMigration Create (0.1ms)[0m  [1m[32mINSERT INTO "schema_migrations" ("version") VALUES (?)[0m  [["version", "20240517155938"]]
  ↳ bin/rails:9
  [1m[35m (5.0ms)[0m  [1m[36mcommit transaction[0m
  ↳ bin/rails:9
Migrating to CreateMatches (20240517155945)
  [1m[35m (0.1ms)[0m  [1m[36mbegin transaction[0m
  ↳ bin/rails:9
  [1m[35m (0.2ms)[0m  [1m[35mCREATE TABLE "matches" ("id" integer PRIMARY KEY AUTOINCREMENT NOT NULL, "team_id" integer, "date" date, "created_at" datetime NOT NULL, "updated_at" datetime NOT NULL, CONSTRAINT "fk_rails_afbde6469e"
FOREIGN KEY ("team_id")
  REFERENCES "teams" ("id")
)[0m
  ↳ db/migrate/20240517155945_create_matches.rb:4
  [1m[35m (0.1ms)[0m  [1m[35mCREATE  INDEX "index_matches_on_team_id" ON "matches" ("team_id")[0m
  ↳ db/migrate/20240517155945_create_matches.rb:4
  [1m[36mActiveRecord::SchemaMigration Create (0.1ms)[0m  [1m[32mINSERT INTO "schema_migrations" ("version") VALUES (?)[0m  [["version", "20240517155945"]]
  ↳ bin/rails:9
  [1m[35m (6.0ms)[0m  [1m[36mcommit transaction[0m
  ↳ bin/rails:9
Migrating to CreateMetrics (20240517160003)
  [1m[35m (0.0ms)[0m  [1m[36mbegin transaction[0m
  ↳ bin/rails:9
  [1m[35m (0.2ms)[0m  [1m[35mCREATE TABLE "metrics" ("id" integer PRIMARY KEY AUTOINCREMENT NOT NULL, "name" varchar, "created_at" datetime NOT NULL, "updated_at" datetime NOT NULL)[0m
  ↳ db/migrate/20240517160003_create_metrics.rb:3
  [1m[36mActiveRecord::SchemaMigration Create (0.1ms)[0m  [1m[32mINSERT INTO "schema_migrations" ("version") VALUES (?)[0m  [["version", "20240517160003"]]
  ↳ bin/rails:9
  [1m[35m (5.7ms)[0m  [1m[36mcommit transaction[0m
  ↳ bin/rails:9
Migrating to CreatePlayerMetrics (20240517160031)
  [1m[35m (0.0ms)[0m  [1m[36mbegin transaction[0m
  ↳ bin/rails:9
  [1m[35m (0.2ms)[0m  [1m[35mCREATE TABLE "player_metrics" ("id" integer PRIMARY KEY AUTOINCREMENT NOT NULL, "player_id" integer, "match_id" integer, "metric_id" integer, "created_at" datetime NOT NULL, "updated_at" datetime NOT NULL, CONSTRAINT "fk_rails_8a9a482ac8"
FOREIGN KEY ("player_id")
  REFERENCES "players" ("id")
, CONSTRAINT "fk_rails_4f55937641"
FOREIGN KEY ("match_id")
  REFERENCES "matches" ("id")
, CONSTRAINT "fk_rails_6387b9bd8b"
FOREIGN KEY ("metric_id")
  REFERENCES "metrics" ("id")
)[0m
  ↳ db/migrate/20240517160031_create_player_metrics.rb:4
  [1m[35m (0.1ms)[0m  [1m[35mCREATE  INDEX "index_player_metrics_on_player_id" ON "player_metrics" ("player_id")[0m
  ↳ db/migrate/20240517160031_create_player_metrics.rb:4
  [1m[35m (0.1ms)[0m  [1m[35mCREATE  INDEX "index_player_metrics_on_match_id" ON "player_metrics" ("match_id")[0m
  ↳ db/migrate/20240517160031_create_player_metrics.rb:4
  [1m[35m (0.1ms)[0m  [1m[35mCREATE  INDEX "index_player_metrics_on_metric_id" ON "player_metrics" ("metric_id")[0m
  ↳ db/migrate/20240517160031_create_player_metrics.rb:4
  [1m[36mActiveRecord::SchemaMigration Create (0.1ms)[0m  [1m[32mINSERT INTO "schema_migrations" ("version") VALUES (?)[0m  [["version", "20240517160031"]]
  ↳ bin/rails:9
  [1m[35m (5.2ms)[0m  [1m[36mcommit transaction[0m
  ↳ bin/rails:9
  [1m[36mActiveRecord::InternalMetadata Load (0.1ms)[0m  [1m[34mSELECT  "ar_internal_metadata".* FROM "ar_internal_metadata" WHERE "ar_internal_metadata"."key" = ? LIMIT ?[0m  [["key", "environment"], ["LIMIT", 1]]
  ↳ bin/rails:9
  [1m[35m (0.0ms)[0m  [1m[36mbegin transaction[0m
  ↳ bin/rails:9
  [1m[36mActiveRecord::InternalMetadata Create (0.2ms)[0m  [1m[32mINSERT INTO "ar_internal_metadata" ("key", "value", "created_at", "updated_at") VALUES (?, ?, ?, ?)[0m  [["key", "environment"], ["value", "development"], ["created_at", "2024-05-17 16:06:43.037096"], ["updated_at", "2024-05-17 16:06:43.037096"]]
  ↳ bin/rails:9
  [1m[35m (3.4ms)[0m  [1m[36mcommit transaction[0m
  ↳ bin/rails:9
  [1m[35m (0.1ms)[0m  [1m[34mSELECT "schema_migrations"."version" FROM "schema_migrations" ORDER BY "schema_migrations"."version" ASC[0m
  ↳ bin/rails:9
  [1m[36mTeam Load (0.2ms)[0m  [1m[34mSELECT  "teams".* FROM "teams" LIMIT ?[0m  [["LIMIT", 11]]
  [1m[35m (0.1ms)[0m  [1m[34mSELECT "schema_migrations"."version" FROM "schema_migrations" ORDER BY "schema_migrations"."version" ASC[0m
  ↳ bin/rails:9
  [1m[35m (0.0ms)[0m  [1m[36mbegin transaction[0m
  ↳ db/seeds.rb:8
  [1m[36mTeam Create (0.2ms)[0m  [1m[32mINSERT INTO "teams" ("name", "created_at", "updated_at") VALUES (?, ?, ?)[0m  [["name", "Team 1"], ["created_at", "2024-05-17 17:12:47.564486"], ["updated_at", "2024-05-17 17:12:47.564486"]]
  ↳ db/seeds.rb:8
  [1m[35m (5.3ms)[0m  [1m[36mcommit transaction[0m
  ↳ db/seeds.rb:8
  [1m[35m (0.0ms)[0m  [1m[36mbegin transaction[0m
  ↳ db/seeds.rb:9
  [1m[36mTeam Create (0.1ms)[0m  [1m[32mINSERT INTO "teams" ("name", "created_at", "updated_at") VALUES (?, ?, ?)[0m  [["name", "Team 2"], ["created_at", "2024-05-17 17:12:47.572479"], ["updated_at", "2024-05-17 17:12:47.572479"]]
  ↳ db/seeds.rb:9
  [1m[35m (3.8ms)[0m  [1m[36mcommit transaction[0m
  ↳ db/seeds.rb:9
  [1m[35m (0.0ms)[0m  [1m[36mbegin transaction[0m
  ↳ db/seeds.rb:11
  [1m[36mPlayer Create (0.2ms)[0m  [1m[32mINSERT INTO "players" ("name", "team_id", "created_at", "updated_at") VALUES (?, ?, ?, ?)[0m  [["name", "Player1 Team1"], ["team_id", 1], ["created_at", "2024-05-17 17:12:47.591174"], ["updated_at", "2024-05-17 17:12:47.591174"]]
  ↳ db/seeds.rb:11
  [1m[35m (3.7ms)[0m  [1m[36mcommit transaction[0m
  ↳ db/seeds.rb:11
  [1m[35m (0.0ms)[0m  [1m[36mbegin transaction[0m
  ↳ db/seeds.rb:11
  [1m[36mPlayer Create (0.1ms)[0m  [1m[32mINSERT INTO "players" ("name", "team_id", "created_at", "updated_at") VALUES (?, ?, ?, ?)[0m  [["name", "Player2 Team1"], ["team_id", 1], ["created_at", "2024-05-17 17:12:47.596015"], ["updated_at", "2024-05-17 17:12:47.596015"]]
  ↳ db/seeds.rb:11
  [1m[35m (4.5ms)[0m  [1m[36mcommit transaction[0m
  ↳ db/seeds.rb:11
  [1m[35m (0.0ms)[0m  [1m[36mbegin transaction[0m
  ↳ db/seeds.rb:11
  [1m[36mPlayer Create (0.1ms)[0m  [1m[32mINSERT INTO "players" ("name", "team_id", "created_at", "updated_at") VALUES (?, ?, ?, ?)[0m  [["name", "Player3 Team1"], ["team_id", 1], ["created_at", "2024-05-17 17:12:47.601500"], ["updated_at", "2024-05-17 17:12:47.601500"]]
  ↳ db/seeds.rb:11
  [1m[35m (4.0ms)[0m  [1m[36mcommit transaction[0m
  ↳ db/seeds.rb:11
  [1m[35m (0.0ms)[0m  [1m[36mbegin transaction[0m
  ↳ db/seeds.rb:12
  [1m[36mPlayer Create (0.1ms)[0m  [1m[32mINSERT INTO "players" ("name", "team_id", "created_at", "updated_at") VALUES (?, ?, ?, ?)[0m  [["name", "Player1 Team2"], ["team_id", 2], ["created_at", "2024-05-17 17:12:47.606676"], ["updated_at", "2024-05-17 17:12:47.606676"]]
  ↳ db/seeds.rb:12
  [1m[35m (3.8ms)[0m  [1m[36mcommit transaction[0m
  ↳ db/seeds.rb:12
  [1m[35m (0.0ms)[0m  [1m[36mbegin transaction[0m
  ↳ db/seeds.rb:12
  [1m[36mPlayer Create (0.1ms)[0m  [1m[32mINSERT INTO "players" ("name", "team_id", "created_at", "updated_at") VALUES (?, ?, ?, ?)[0m  [["name", "Player2 Team2"], ["team_id", 2], ["created_at", "2024-05-17 17:12:47.611350"], ["updated_at", "2024-05-17 17:12:47.611350"]]
  ↳ db/seeds.rb:12
  [1m[35m (3.5ms)[0m  [1m[36mcommit transaction[0m
  ↳ db/seeds.rb:12
  [1m[35m (0.0ms)[0m  [1m[36mbegin transaction[0m
  ↳ db/seeds.rb:12
  [1m[36mPlayer Create (0.1ms)[0m  [1m[32mINSERT INTO "players" ("name", "team_id", "created_at", "updated_at") VALUES (?, ?, ?, ?)[0m  [["name", "Player3 Team2"], ["team_id", 2], ["created_at", "2024-05-17 17:12:47.615694"], ["updated_at", "2024-05-17 17:12:47.615694"]]
  ↳ db/seeds.rb:12
  [1m[35m (4.6ms)[0m  [1m[36mcommit transaction[0m
  ↳ db/seeds.rb:12
  [1m[35m (0.0ms)[0m  [1m[36mbegin transaction[0m
  ↳ db/seeds.rb:14
  [1m[36mMetric Create (0.2ms)[0m  [1m[32mINSERT INTO "metrics" ("name", "created_at", "updated_at") VALUES (?, ?, ?)[0m  [["name", "Пробежал 10+ км"], ["created_at", "2024-05-17 17:12:47.629832"], ["updated_at", "2024-05-17 17:12:47.629832"]]
  ↳ db/seeds.rb:14
  [1m[35m (3.8ms)[0m  [1m[36mcommit transaction[0m
  ↳ db/seeds.rb:14
  [1m[35m (0.0ms)[0m  [1m[36mbegin transaction[0m
  ↳ db/seeds.rb:14
  [1m[36mMetric Create (0.1ms)[0m  [1m[32mINSERT INTO "metrics" ("name", "created_at", "updated_at") VALUES (?, ?, ?)[0m  [["name", "Сделал 70+ % точных передач"], ["created_at", "2024-05-17 17:12:47.636784"], ["updated_at", "2024-05-17 17:12:47.636784"]]
  ↳ db/seeds.rb:14
  [1m[35m (4.0ms)[0m  [1m[36mcommit transaction[0m
  ↳ db/seeds.rb:14
  [1m[35m (0.0ms)[0m  [1m[36mbegin transaction[0m
  ↳ db/seeds.rb:16
  [1m[36mMatch Create (0.2ms)[0m  [1m[32mINSERT INTO "matches" ("team_id", "date", "created_at", "updated_at") VALUES (?, ?, ?, ?)[0m  [["team_id", 1], ["date", "2024-05-11"], ["created_at", "2024-05-17 17:12:47.660454"], ["updated_at", "2024-05-17 17:12:47.660454"]]
  ↳ db/seeds.rb:16
  [1m[35m (3.7ms)[0m  [1m[36mcommit transaction[0m
  ↳ db/seeds.rb:16
  [1m[35m (0.0ms)[0m  [1m[36mbegin transaction[0m
  ↳ db/seeds.rb:16
  [1m[36mMatch Create (0.2ms)[0m  [1m[32mINSERT INTO "matches" ("team_id", "date", "created_at", "updated_at") VALUES (?, ?, ?, ?)[0m  [["team_id", 1], ["date", "2024-05-14"], ["created_at", "2024-05-17 17:12:47.668257"], ["updated_at", "2024-05-17 17:12:47.668257"]]
  ↳ db/seeds.rb:16
  [1m[35m (4.6ms)[0m  [1m[36mcommit transaction[0m
  ↳ db/seeds.rb:16
  [1m[35m (0.0ms)[0m  [1m[36mbegin transaction[0m
  ↳ db/seeds.rb:16
  [1m[36mMatch Create (0.2ms)[0m  [1m[32mINSERT INTO "matches" ("team_id", "date", "created_at", "updated_at") VALUES (?, ?, ?, ?)[0m  [["team_id", 1], ["date", "2024-05-07"], ["created_at", "2024-05-17 17:12:47.675312"], ["updated_at", "2024-05-17 17:12:47.675312"]]
  ↳ db/seeds.rb:16
  [1m[35m (3.9ms)[0m  [1m[36mcommit transaction[0m
  ↳ db/seeds.rb:16
  [1m[35m (0.0ms)[0m  [1m[36mbegin transaction[0m
  ↳ db/seeds.rb:17
  [1m[36mMatch Create (0.2ms)[0m  [1m[32mINSERT INTO "matches" ("team_id", "date", "created_at", "updated_at") VALUES (?, ?, ?, ?)[0m  [["team_id", 2], ["date", "2024-05-07"], ["created_at", "2024-05-17 17:12:47.681163"], ["updated_at", "2024-05-17 17:12:47.681163"]]
  ↳ db/seeds.rb:17
  [1m[35m (4.1ms)[0m  [1m[36mcommit transaction[0m
  ↳ db/seeds.rb:17
  [1m[35m (0.0ms)[0m  [1m[36mbegin transaction[0m
  ↳ db/seeds.rb:17
  [1m[36mMatch Create (0.2ms)[0m  [1m[32mINSERT INTO "matches" ("team_id", "date", "created_at", "updated_at") VALUES (?, ?, ?, ?)[0m  [["team_id", 2], ["date", "2024-05-14"], ["created_at", "2024-05-17 17:12:47.687277"], ["updated_at", "2024-05-17 17:12:47.687277"]]
  ↳ db/seeds.rb:17
  [1m[35m (3.4ms)[0m  [1m[36mcommit transaction[0m
  ↳ db/seeds.rb:17
  [1m[35m (0.0ms)[0m  [1m[36mbegin transaction[0m
  ↳ db/seeds.rb:17
  [1m[36mMatch Create (0.2ms)[0m  [1m[32mINSERT INTO "matches" ("team_id", "date", "created_at", "updated_at") VALUES (?, ?, ?, ?)[0m  [["team_id", 2], ["date", "2024-05-07"], ["created_at", "2024-05-17 17:12:47.693280"], ["updated_at", "2024-05-17 17:12:47.693280"]]
  ↳ db/seeds.rb:17
  [1m[35m (4.6ms)[0m  [1m[36mcommit transaction[0m
  ↳ db/seeds.rb:17
  [1m[35m (0.0ms)[0m  [1m[36mbegin transaction[0m
  ↳ db/seeds.rb:19
  [1m[36mPlayerMetric Create (0.2ms)[0m  [1m[32mINSERT INTO "player_metrics" ("player_id", "match_id", "metric_id", "created_at", "updated_at") VALUES (?, ?, ?, ?, ?)[0m  [["player_id", 1], ["match_id", 1], ["metric_id", 1], ["created_at", "2024-05-17 17:12:47.709564"], ["updated_at", "2024-05-17 17:12:47.709564"]]
  ↳ db/seeds.rb:19
  [1m[35m (3.8ms)[0m  [1m[36mcommit transaction[0m
  ↳ db/seeds.rb:19
  [1m[35m (0.0ms)[0m  [1m[36mbegin transaction[0m
  ↳ db/seeds.rb:20
  [1m[36mPlayerMetric Create (0.2ms)[0m  [1m[32mINSERT INTO "player_metrics" ("player_id", "match_id", "metric_id", "created_at", "updated_at") VALUES (?, ?, ?, ?, ?)[0m  [["player_id", 2], ["match_id", 2], ["metric_id", 2], ["created_at", "2024-05-17 17:12:47.720476"], ["updated_at", "2024-05-17 17:12:47.720476"]]
  ↳ db/seeds.rb:20
  [1m[35m (4.0ms)[0m  [1m[36mcommit transaction[0m
  ↳ db/seeds.rb:20
  [1m[35m (0.0ms)[0m  [1m[36mbegin transaction[0m
  ↳ db/seeds.rb:21
  [1m[36mPlayerMetric Create (0.2ms)[0m  [1m[32mINSERT INTO "player_metrics" ("player_id", "match_id", "metric_id", "created_at", "updated_at") VALUES (?, ?, ?, ?, ?)[0m  [["player_id", 3], ["match_id", 3], ["metric_id", 1], ["created_at", "2024-05-17 17:12:47.726237"], ["updated_at", "2024-05-17 17:12:47.726237"]]
  ↳ db/seeds.rb:21
  [1m[35m (3.7ms)[0m  [1m[36mcommit transaction[0m
  ↳ db/seeds.rb:21
  [1m[35m (0.0ms)[0m  [1m[36mbegin transaction[0m
  ↳ db/seeds.rb:22
  [1m[36mPlayerMetric Create (0.2ms)[0m  [1m[32mINSERT INTO "player_metrics" ("player_id", "match_id", "metric_id", "created_at", "updated_at") VALUES (?, ?, ?, ?, ?)[0m  [["player_id", 4], ["match_id", 4], ["metric_id", 2], ["created_at", "2024-05-17 17:12:47.731483"], ["updated_at", "2024-05-17 17:12:47.731483"]]
  ↳ db/seeds.rb:22
  [1m[35m (4.6ms)[0m  [1m[36mcommit transaction[0m
  ↳ db/seeds.rb:22
  [1m[35m (0.0ms)[0m  [1m[36mbegin transaction[0m
  ↳ db/seeds.rb:23
  [1m[36mPlayerMetric Create (0.2ms)[0m  [1m[32mINSERT INTO "player_metrics" ("player_id", "match_id", "metric_id", "created_at", "updated_at") VALUES (?, ?, ?, ?, ?)[0m  [["player_id", 5], ["match_id", 5], ["metric_id", 1], ["created_at", "2024-05-17 17:12:47.737795"], ["updated_at", "2024-05-17 17:12:47.737795"]]
  ↳ db/seeds.rb:23
  [1m[35m (3.9ms)[0m  [1m[36mcommit transaction[0m
  ↳ db/seeds.rb:23
  [1m[35m (0.0ms)[0m  [1m[36mbegin transaction[0m
  ↳ db/seeds.rb:24
  [1m[36mPlayerMetric Create (0.2ms)[0m  [1m[32mINSERT INTO "player_metrics" ("player_id", "match_id", "metric_id", "created_at", "updated_at") VALUES (?, ?, ?, ?, ?)[0m  [["player_id", 6], ["match_id", 6], ["metric_id", 2], ["created_at", "2024-05-17 17:12:47.743313"], ["updated_at", "2024-05-17 17:12:47.743313"]]
  ↳ db/seeds.rb:24
  [1m[35m (3.9ms)[0m  [1m[36mcommit transaction[0m
  ↳ db/seeds.rb:24
  [1m[36mPlayer Load (0.2ms)[0m  [1m[34mSELECT  "players".* FROM "players" LIMIT ?[0m  [["LIMIT", 11]]
  [1m[36mMatch Load (0.1ms)[0m  [1m[34mSELECT  "matches".* FROM "matches" LIMIT ?[0m  [["LIMIT", 11]]
  [1m[36mMetric Load (0.1ms)[0m  [1m[34mSELECT  "metrics".* FROM "metrics" LIMIT ?[0m  [["LIMIT", 11]]
  [1m[36mPlayerMetric Load (0.1ms)[0m  [1m[34mSELECT  "player_metrics".* FROM "player_metrics" LIMIT ?[0m  [["LIMIT", 11]]
